<?xml version="1.0" encoding="UTF-8" ?>
<testsuite tests="34" failures="0" name="com.bianchi.ch1.ArraysAndStringsTest" time="0.02" errors="0" skipped="0">
  <properties>
[...]
</properties>
  <testcase classname="com.bianchi.ch1.ArraysAndStringsTest" name="testEmptyOriginalReturnsFalse" time="0.004"/>
  <testcase classname="com.bianchi.ch1.ArraysAndStringsTest" name="testWithoutHashMapEmptyShouldShortCircuitToFalse" time="0"/>
  <testcase classname="com.bianchi.ch1.ArraysAndStringsTest" name="testStringWithoutDuplicatesIsUnique" time="0"/>
  <testcase classname="com.bianchi.ch1.ArraysAndStringsTest" name="testIsPalindromeNormalWithMidpointJumbled" time="0.001"/>
  <testcase classname="com.bianchi.ch1.ArraysAndStringsTest" name="testWithoutHashMapStringWithDuplicatesIsNotUnique" time="0.001"/>
  <testcase classname="com.bianchi.ch1.ArraysAndStringsTest" name="testIsPalindromeEmptyYieldsEmpty" time="0"/>
  <testcase classname="com.bianchi.ch1.ArraysAndStringsTest" name="testWithoutHashMapStringWithoutDuplicatesIsUnique" time="0.001"/>
  <testcase classname="com.bianchi.ch1.ArraysAndStringsTest" name="testSuccessCaseReturnsTrue" time="0"/>
  <testcase classname="com.bianchi.ch1.ArraysAndStringsTest" name="testWithoutHashMapNullShouldShortCircuitToFalse" time="0.001"/>
  <testcase classname="com.bianchi.ch1.ArraysAndStringsTest" name="testFailureCaseReturnsFalse" time="0"/>
  <testcase classname="com.bianchi.ch1.ArraysAndStringsTest" name="testIsPalindromeIgnoreCase" time="0.005"/>
  <testcase classname="com.bianchi.ch1.ArraysAndStringsTest" name="testNeedsMoreThanOneEdit" time="0"/>
  <testcase classname="com.bianchi.ch1.ArraysAndStringsTest" name="testEmptyShouldShortCircuitToFalse" time="0"/>
  <testcase classname="com.bianchi.ch1.ArraysAndStringsTest" name="testIsOneEditAwayInputsAreSame" time="0.002"/>
  <testcase classname="com.bianchi.ch1.ArraysAndStringsTest" name="testNullShouldShortCircuitToFalse" time="0"/>
  <testcase classname="com.bianchi.ch1.ArraysAndStringsTest" name="testConvertToURLNullCountReturnsNull" time="0"/>
  <testcase classname="com.bianchi.ch1.ArraysAndStringsTest" name="testIsPalindromeNullYieldsFalse" time="0"/>
  <testcase classname="com.bianchi.ch1.ArraysAndStringsTest" name="testIsPalindromeNormalWithMidpoint" time="0"/>
  <testcase classname="com.bianchi.ch1.ArraysAndStringsTest" name="testIsOneEditAwayNullReturnsNull" time="0"/>
  <testcase classname="com.bianchi.ch1.ArraysAndStringsTest" name="testConvertToURLSuccessCase" time="0"/>
  <testcase classname="com.bianchi.ch1.ArraysAndStringsTest" name="testConvertToURLNullUrlReturnsNull" time="0"/>
  <testcase classname="com.bianchi.ch1.ArraysAndStringsTest" name="testSubstring" time="0"/>
  <testcase classname="com.bianchi.ch1.ArraysAndStringsTest" name="testCompressionTripleACaseThenDoubleB" time="0.001"/>
  <testcase classname="com.bianchi.ch1.ArraysAndStringsTest" name="testIsPalindromeNormal" time="0"/>
  <testcase classname="com.bianchi.ch1.ArraysAndStringsTest" name="testVoidOriginalReturnsFalse" time="0"/>
  <testcase classname="com.bianchi.ch1.ArraysAndStringsTest" name="testIsOneEditAwayInputsOneNeedsInsertion" time="0"/>
  <testcase classname="com.bianchi.ch1.ArraysAndStringsTest" name="testIsOneEditAwayInputsOneNeedsDeletion" time="0"/>
  <testcase classname="com.bianchi.ch1.ArraysAndStringsTest" name="testIsPalindromeNormalCase" time="0"/>
  <testcase classname="com.bianchi.ch1.ArraysAndStringsTest" name="testCompressionNullCase" time="0"/>
  <testcase classname="com.bianchi.ch1.ArraysAndStringsTest" name="testCompressionTripleACase" time="0"/>
  <testcase classname="com.bianchi.ch1.ArraysAndStringsTest" name="testVoidPotentialReturnsFalse" time="0"/>
  <testcase classname="com.bianchi.ch1.ArraysAndStringsTest" name="testEmptyPotentialReturnsFalse" time="0.001"/>
  <testcase classname="com.bianchi.ch1.ArraysAndStringsTest" name="testZeroMatrix" time="0.003"/>
  <testcase classname="com.bianchi.ch1.ArraysAndStringsTest" name="testStringWithDuplicatesIsNotUnique" time="0"/>
</testsuite>